============================================================================
PyTorch Reference: DistributedDataParallel Smoke Benchmark
============================================================================
Executing backend=nccl world_size=2 device_ids=[0, 0]
ubuntu:42302:42302 [0] NCCL INFO Bootstrap : Using enp13s0:192.168.1.203<0>
ubuntu:42302:42302 [0] NCCL INFO NET/Plugin : dlerror=librccl-net.so: cannot open shared object file: No such file or directory No plugin found (librccl-net.so), using internal implementation
ubuntu:42302:42302 [0] NCCL INFO Kernel version: 6.8.0-111-generic

ubuntu:42302:42302 [0] /long_pathname_so_that_rpms_can_package_the_debug_info/src/extlibs/rccl/build/hipify/src/init.cc:136 NCCL WARN Missing "iommu=pt" from kernel command line which can lead to system instablity or hang!
ubuntu:42302:42302 [0] NCCL INFO ROCr version 1.14
ubuntu:42302:42302 [0] NCCL INFO Dmabuf feature disabled without NCCL_DMABUF_ENABLE=1
RCCL version 2.20.5+hip6.2 HEAD:45b618a+
ubuntu:42302:42376 [0] NCCL INFO NET/IB : No device found.
ubuntu:42302:42376 [0] NCCL INFO NET/Socket : Using [0]enp13s0:192.168.1.203<0> [1]br-1452710f0bff:172.18.0.1<0> [2]br-4aef8a8c979c:172.19.0.1<0> [3]vethae2c213:fe80::8c91:baff:fe43:a6d%vethae2c213<0>
ubuntu:42302:42376 [0] NCCL INFO Using non-device net plugin version 0
ubuntu:42302:42376 [0] NCCL INFO Using network Socket
ubuntu:42302:42376 [0] NCCL INFO comm 0x590542666960 rank 0 nranks 2 cudaDev 0 busId 4000 commId 0x8d81e223ddd7d0e9 - Init START

ubuntu:42302:42376 [0] /long_pathname_so_that_rpms_can_package_the_debug_info/src/extlibs/rccl/build/hipify/src/init.cc:1114 NCCL WARN Duplicate GPU detected : rank 0 and rank 1 both on CUDA device 4000
ubuntu:42302:42376 [0] NCCL INFO /long_pathname_so_that_rpms_can_package_the_debug_info/src/extlibs/rccl/build/hipify/src/init.cc:1898 -> 5
ubuntu:42302:42376 [0] NCCL INFO /long_pathname_so_that_rpms_can_package_the_debug_info/src/extlibs/rccl/build/hipify/src/group.cc:68 -> 5 [Async thread]
ubuntu:42302:42302 [0] NCCL INFO /long_pathname_so_that_rpms_can_package_the_debug_info/src/extlibs/rccl/build/hipify/src/group.cc:437 -> 5
ubuntu:42302:42302 [0] NCCL INFO /long_pathname_so_that_rpms_can_package_the_debug_info/src/extlibs/rccl/build/hipify/src/init.cc:2274 -> 5
ubuntu:42303:42303 [0] NCCL INFO ROCr version 1.14
ubuntu:42303:42303 [0] NCCL INFO Dmabuf feature disabled without NCCL_DMABUF_ENABLE=1
ubuntu:42303:42303 [0] NCCL INFO Bootstrap : Using enp13s0:192.168.1.203<0>
ubuntu:42303:42303 [0] NCCL INFO NET/Plugin : dlerror=librccl-net.so: cannot open shared object file: No such file or directory No plugin found (librccl-net.so), using internal implementation
ubuntu:42303:42303 [0] NCCL INFO Kernel version: 6.8.0-111-generic

ubuntu:42303:42303 [0] /long_pathname_so_that_rpms_can_package_the_debug_info/src/extlibs/rccl/build/hipify/src/init.cc:136 NCCL WARN Missing "iommu=pt" from kernel command line which can lead to system instablity or hang!
ubuntu:42303:42377 [0] NCCL INFO NET/IB : No device found.
ubuntu:42303:42377 [0] NCCL INFO NET/Socket : Using [0]enp13s0:192.168.1.203<0> [1]br-1452710f0bff:172.18.0.1<0> [2]br-4aef8a8c979c:172.19.0.1<0> [3]vethae2c213:fe80::8c91:baff:fe43:a6d%vethae2c213<0>
ubuntu:42303:42377 [0] NCCL INFO Using non-device net plugin version 0
ubuntu:42303:42377 [0] NCCL INFO Using network Socket
ubuntu:42303:42377 [0] NCCL INFO comm 0x61fda5a1e2f0 rank 1 nranks 2 cudaDev 0 busId 4000 commId 0x8d81e223ddd7d0e9 - Init START

ubuntu:42303:42377 [0] /long_pathname_so_that_rpms_can_package_the_debug_info/src/extlibs/rccl/build/hipify/src/init.cc:1114 NCCL WARN Duplicate GPU detected : rank 1 and rank 0 both on CUDA device 4000
ubuntu:42303:42377 [0] NCCL INFO /long_pathname_so_that_rpms_can_package_the_debug_info/src/extlibs/rccl/build/hipify/src/init.cc:1898 -> 5
ubuntu:42303:42377 [0] NCCL INFO /long_pathname_so_that_rpms_can_package_the_debug_info/src/extlibs/rccl/build/hipify/src/group.cc:68 -> 5 [Async thread]
ubuntu:42303:42303 [0] NCCL INFO /long_pathname_so_that_rpms_can_package_the_debug_info/src/extlibs/rccl/build/hipify/src/group.cc:437 -> 5
ubuntu:42303:42303 [0] NCCL INFO /long_pathname_so_that_rpms_can_package_the_debug_info/src/extlibs/rccl/build/hipify/src/init.cc:2274 -> 5
