[rank0]:[W528 18:39:05.404086839 ProcessGroupNCCL.cpp:1250] Warning: WARNING: process group has NOT been destroyed before we destruct ProcessGroupNCCL. On normal program exit, the application should call destroy_process_group to ensure that any pending NCCL operations have finished in this process. In rare cases this process can exit before this point and block the progress of another member of the process group. This constraint has always been present,  but this warning has only been added since PyTorch 2.4 (function operator())
Traceback (most recent call last):
  File "/home/rob/.openclaw.old/workspace/repos/AeroNum/labs/compare/distributed_compare.py", line 157, in <module>
    main()
  File "/home/rob/.openclaw.old/workspace/repos/AeroNum/labs/compare/distributed_compare.py", line 149, in main
    mp.spawn(demo_basic, args=(args.world_size, args, result_queue), nprocs=args.world_size, join=True)
  File "/home/rob/.local/lib/python3.10/site-packages/torch/multiprocessing/spawn.py", line 328, in spawn
    return start_processes(fn, args, nprocs, join, daemon, start_method="spawn")
  File "/home/rob/.local/lib/python3.10/site-packages/torch/multiprocessing/spawn.py", line 284, in start_processes
    while not context.join():
  File "/home/rob/.local/lib/python3.10/site-packages/torch/multiprocessing/spawn.py", line 203, in join
    raise ProcessRaisedException(msg, error_index, failed_process.pid)
torch.multiprocessing.spawn.ProcessRaisedException:

-- Process 0 terminated with the following error:
Traceback (most recent call last):
  File "/home/rob/.local/lib/python3.10/site-packages/torch/multiprocessing/spawn.py", line 90, in _wrap
    fn(i, *args)
  File "/home/rob/.openclaw.old/workspace/repos/AeroNum/labs/compare/distributed_compare.py", line 57, in demo_basic
    ddp_model = DDP(model, device_ids=[device_id] if device.type == "cuda" else None)
  File "/home/rob/.local/lib/python3.10/site-packages/torch/nn/parallel/distributed.py", line 825, in __init__
    _verify_param_shape_across_processes(self.process_group, parameters)
  File "/home/rob/.local/lib/python3.10/site-packages/torch/distributed/utils.py", line 288, in _verify_param_shape_across_processes
    return dist._verify_params_across_processes(process_group, tensors, logger)
torch.distributed.DistBackendError: NCCL error in: ../torch/csrc/distributed/c10d/NCCLUtils.hpp:317, unhandled cuda error (run with NCCL_DEBUG=INFO for details), NCCL version 2.20.5
ncclUnhandledCudaError: Call to CUDA function failed.
Last error:
Cuda failure 'invalid argument'
