============================================================================
PyTorch Reference: DistributedDataParallel Smoke Benchmark
============================================================================
Executing backend=nccl world_size=2 device_ids=[0, 1]
ubuntu:35632:35632 [0] NCCL INFO Bootstrap : Using enp13s0:192.168.1.203<0>
ubuntu:35632:35632 [0] NCCL INFO NET/Plugin : dlerror=librccl-net.so: cannot open shared object file: No such file or directory No plugin found (librccl-net.so), using internal implementation
ubuntu:35632:35632 [0] NCCL INFO Kernel version: 6.8.0-111-generic

ubuntu:35632:35632 [0] /long_pathname_so_that_rpms_can_package_the_debug_info/src/extlibs/rccl/build/hipify/src/init.cc:136 NCCL WARN Missing "iommu=pt" from kernel command line which can lead to system instablity or hang!
ubuntu:35632:35632 [0] NCCL INFO ROCr version 1.14
ubuntu:35632:35632 [0] NCCL INFO Dmabuf feature disabled without NCCL_DMABUF_ENABLE=1
RCCL version 2.20.5+hip6.2 HEAD:45b618a+
ubuntu:35633:35633 [1] NCCL INFO ROCr version 1.14
ubuntu:35633:35633 [1] NCCL INFO Dmabuf feature disabled without NCCL_DMABUF_ENABLE=1
ubuntu:35633:35633 [1] NCCL INFO Bootstrap : Using enp13s0:192.168.1.203<0>
ubuntu:35633:35633 [1] NCCL INFO NET/Plugin : dlerror=librccl-net.so: cannot open shared object file: No such file or directory No plugin found (librccl-net.so), using internal implementation
ubuntu:35633:35633 [1] NCCL INFO Kernel version: 6.8.0-111-generic

ubuntu:35633:35633 [1] /long_pathname_so_that_rpms_can_package_the_debug_info/src/extlibs/rccl/build/hipify/src/init.cc:136 NCCL WARN Missing "iommu=pt" from kernel command line which can lead to system instablity or hang!

ubuntu:35633:35707 [1] /long_pathname_so_that_rpms_can_package_the_debug_info/src/extlibs/rccl/build/hipify/src/enqueue.cc:79 NCCL WARN Failed to get kernel attributes

ubuntu:35633:35707 [1] /long_pathname_so_that_rpms_can_package_the_debug_info/src/extlibs/rccl/build/hipify/src/enqueue.cc:79 NCCL WARN Failed to get kernel attributes
ubuntu:35633:35707 [1] NCCL INFO NET/IB : No device found.
ubuntu:35633:35707 [1] NCCL INFO NET/Socket : Using [0]enp13s0:192.168.1.203<0> [1]br-1452710f0bff:172.18.0.1<0> [2]br-4aef8a8c979c:172.19.0.1<0> [3]vethae2c213:fe80::8c91:baff:fe43:a6d%vethae2c213<0>
ubuntu:35633:35707 [1] NCCL INFO Using non-device net plugin version 0
ubuntu:35633:35707 [1] NCCL INFO Using network Socket
ubuntu:35633:35707 [1] NCCL INFO comm 0x650823582290 rank 1 nranks 2 cudaDev 1 busId 7c000 commId 0xfefa5fe506ec0982 - Init START
ubuntu:35633:35707 [1] NCCL INFO [node_id = 2; gpu_id = 18715; unique_id = 0; location_id = 31744; bdf = 31744; domain = 0; partition = 0],
ubuntu:35633:35707 [1] NCCL INFO [node_id = 1; gpu_id = 49057; unique_id = 14929398841655351226; location_id = 1024; bdf = 1024; domain = 0; partition = 0],
ubuntu:35633:35707 [1] NCCL INFO initialized internal alternative rsmi functionality
ubuntu:35633:35707 [1] NCCL INFO NCCL_P2P_LEVEL set by environment to LOC
ubuntu:35633:35707 [1] NCCL INFO Setting affinity for GPU 1 to ffffffff
ubuntu:35633:35707 [1] NCCL INFO comm 0x650823582290 rank 1 nRanks 2 nNodes 1 localRanks 2 localRank 1 MNNVL 0
ubuntu:35633:35707 [1] NCCL INFO Trees [0] -1/-1/-1->1->0 [1] -1/-1/-1->1->0 comm 0x650823582290 nRanks 02 busId 7c000
ubuntu:35633:35707 [1] NCCL INFO P2P Chunksize set to 131072
ubuntu:35633:35707 [1] NCCL INFO Channel 00 : 1[7c000] -> 0[4000] via SHM/direct/direct comm 0x650823582290 nRanks 02
ubuntu:35633:35707 [1] NCCL INFO Channel 01 : 1[7c000] -> 0[4000] via SHM/direct/direct comm 0x650823582290 nRanks 02
ubuntu:35633:35707 [1] NCCL INFO Connected all rings comm 0x650823582290 nRanks 02 busId 7c000
ubuntu:35633:35707 [1] NCCL INFO Connected all trees
ubuntu:35633:35707 [1] NCCL INFO threadThresholds 8/8/64 | 16/8/64 | 256 | 256
ubuntu:35633:35707 [1] NCCL INFO 2 coll channels, 0 collnet channels, 0 nvls channels, 2 p2p channels, 2 p2p channels per peer
ubuntu:35633:35707 [1] NCCL INFO comm 0x650823582290 rank 1 nranks 2 cudaDev 1 busId 7c000 commId 0xfefa5fe506ec0982 localSize 0 used 4235200 bytes - Init COMPLETE

ubuntu:35633:35633 [1] /long_pathname_so_that_rpms_can_package_the_debug_info/src/extlibs/rccl/build/hipify/src/enqueue.cc:1393 NCCL WARN Cuda failure 'invalid device function'
ubuntu:35633:35633 [1] NCCL INFO /long_pathname_so_that_rpms_can_package_the_debug_info/src/extlibs/rccl/build/hipify/src/group.cc:175 -> 1
ubuntu:35633:35633 [1] NCCL INFO /long_pathname_so_that_rpms_can_package_the_debug_info/src/extlibs/rccl/build/hipify/src/group.cc:354 -> 1
ubuntu:35633:35633 [1] NCCL INFO /long_pathname_so_that_rpms_can_package_the_debug_info/src/extlibs/rccl/build/hipify/src/group.cc:437 -> 1
ubuntu:35633:35633 [1] NCCL INFO /long_pathname_so_that_rpms_can_package_the_debug_info/src/extlibs/rccl/build/hipify/src/enqueue.cc:2144 -> 1
ubuntu:35633:35709 [1] NCCL INFO [Service thread] Connection closed by localRank 1
ubuntu:35633:35714 [1] NCCL INFO comm 0x650823582290 rank 1 nranks 2 cudaDev 1 busId 7c000 - Abort COMPLETE
